#
# There is insufficient memory for the Java Runtime Environment to continue.
# Native memory allocation (malloc) failed to allocate 856 bytes for AllocateHeap
# Possible reasons:
#   The system is out of physical RAM or swap space
#   In 32 bit mode, the process size limit was hit
# Possible solutions:
#   Reduce memory load on the system
#   Increase physical memory or swap space
#   Check if swap backing store is full
#   Use 64 bit Java on a 64 bit OS
#   Decrease Java heap size (-Xmx/-Xms)
#   Decrease number of Java threads
#   Decrease Java thread stack sizes (-Xss)
#   Set larger code cache with -XX:ReservedCodeCacheSize=
# This output file may be truncated or incomplete.
#
#  Out of Memory Error (memory/allocation.inline.hpp:61), pid=3800, tid=0x00000000000002a0
#
# JRE version:  (8.0_112-b06) (build )
# Java VM: OpenJDK 64-Bit Server VM (25.112-b06 mixed mode windows-amd64 compressed oops)
# Failed to write core dump. Minidumps are not enabled by default on client versions of Windows
#

---------------  T H R E A D  ---------------

Current thread (0x000000000220e000):  JavaThread "Unknown thread" [_thread_in_vm, id=672, stack(0x0000000002370000,0x0000000002470000)]

Stack: [0x0000000002370000,0x0000000002470000]
[error occurred during error reporting (printing stack bounds), id 0xc0000005]

Native frames: (J=compiled Java code, j=interpreted, Vv=VM code, C=native code)


---------------  P R O C E S S  ---------------

Java Threads: ( => current thread )

Other Threads:

=>0x000000000220e000 (exited) JavaThread "Unknown thread" [_thread_in_vm, id=672, stack(0x0000000002370000,0x0000000002470000)]

VM state:not at safepoint (not fully initialized)

VM Mutex/Monitor currently owned by a thread: None

GC Heap History (0 events):
No events

Deoptimization events (0 events):
No events

Internal exceptions (0 events):
No events

Events (0 events):
No events


Dynamic libraries:
0x000000013f6a0000 - 0x000000013f6d1000 	C:\Program Files\Android\Android Studio\jre\bin\java.exe
0x00000000774e0000 - 0x000000007768a000 	C:\Windows\SYSTEM32\ntdll.dll
0x00000000773c0000 - 0x00000000774df000 	C:\Windows\system32\kernel32.dll
0x000007fefd220000 - 0x000007fefd28a000 	C:\Windows\system32\KERNELBASE.dll
0x000007feff0e0000 - 0x000007feff1bb000 	C:\Windows\system32\ADVAPI32.dll
0x000007fefee20000 - 0x000007fefeebf000 	C:\Windows\system32\msvcrt.dll
0x000007fefd770000 - 0x000007fefd78f000 	C:\Windows\SYSTEM32\sechost.dll
0x000007fefeec0000 - 0x000007fefefed000 	C:\Windows\system32\RPCRT4.dll
0x00000000772c0000 - 0x00000000773ba000 	C:\Windows\system32\USER32.dll
0x000007fefe7a0000 - 0x000007fefe807000 	C:\Windows\system32\GDI32.dll
0x000007fefe810000 - 0x000007fefe81e000 	C:\Windows\system32\LPK.dll
0x000007fefeff0000 - 0x000007feff0ba000 	C:\Windows\system32\USP10.dll
0x000007fefbdb0000 - 0x000007fefbfa4000 	C:\Windows\WinSxS\amd64_microsoft.windows.common-controls_6595b64144ccf1df_6.0.7601.18837_none_fa3b1e3d17594757\COMCTL32.dll
0x000007feff260000 - 0x000007feff2d1000 	C:\Windows\system32\SHLWAPI.dll
0x000007feff4f0000 - 0x000007feff51e000 	C:\Windows\system32\IMM32.DLL
0x000007fefd660000 - 0x000007fefd769000 	C:\Windows\system32\MSCTF.dll
0x00000000539c0000 - 0x0000000053a92000 	C:\Program Files\Android\Android Studio\jre\jre\bin\msvcr100.dll
0x0000000007440000 - 0x0000000007c7c000 	C:\Program Files\Android\Android Studio\jre\jre\bin\server\jvm.dll
0x000007fef8b60000 - 0x000007fef8b69000 	C:\Windows\system32\WSOCK32.dll
0x000007feff7a0000 - 0x000007feff7ed000 	C:\Windows\system32\WS2_32.dll
0x000007feff710000 - 0x000007feff718000 	C:\Windows\system32\NSI.dll
0x000007fefab70000 - 0x000007fefabab000 	C:\Windows\system32\WINMM.dll
0x000007fefc2a0000 - 0x000007fefc2ac000 	C:\Windows\system32\VERSION.dll
0x00000000776a0000 - 0x00000000776a7000 	C:\Windows\system32\PSAPI.DLL
0x000007fee7e00000 - 0x000007fee7e0f000 	C:\Program Files\Android\Android Studio\jre\jre\bin\verify.dll
0x000007fee7dd0000 - 0x000007fee7df9000 	C:\Program Files\Android\Android Studio\jre\jre\bin\java.dll
0x000007fee2250000 - 0x000007fee2266000 	C:\Program Files\Android\Android Studio\jre\jre\bin\zip.dll

VM Arguments:
jvm_args: -Djava.awt.headless=true -Xmx1024M -Dfile.encoding=windows-1252 -Duser.country=US -Duser.language=en -Duser.variant 
java_command: com.android.dx.command.Main --dex --num-threads=4 --multi-dex --output C:\Users\mhasan\Desktop\androidProjects\Miwok\app\build\intermediates\transforms\dex\debug\folders\1000\10\classes_4ec09bbb89bde47ab3ec106d11a727e3a11f5efa C:\Users\mhasan\.android\build-cache\81a1667f7d3d017a63cd28800fcd74546b55576a\output\jars\classes.jar
java_class_path (initial): C:\Users\mhasan\AppData\Local\Android\sdk\build-tools\25.0.0\lib\dx.jar
Launcher Type: SUN_STANDARD

Environment Variables:
PATH=C:\ProgramData\Oracle\Java\javapath;C:\Windows\system32;C:\Windows;C:\Windows\System32\Wbem;C:\Windows\System32\WindowsPowerShell\v1.0\;C:\Program Files\Git\cmd;C:\Program Files (x86)\Skype\Phone\;C:\Program Files\nodejs\;C:\Program Files (x86)\Google\google_appengine\;C:\program Files\Theme Kit;C:\Users\mhasan\AppData\Roaming\npm;C:\Users\mhasan\AppData\Local\atom\bin
USERNAME=mhasan
OS=Windows_NT
PROCESSOR_IDENTIFIER=Intel64 Family 6 Model 60 Stepping 3, GenuineIntel



---------------  S Y S T E M  ---------------

OS: Windows 7 , 64 bit Build 7601 (6.1.7601.23677)

CPU:total 4 (4 cores per cpu, 1 threads per core) family 6 model 60 stepping 3, cmov, cx8, fxsr, mmx, sse, sse2, sse3, ssse3, sse4.1, sse4.2, popcnt, avx, avx2, aes, clmul, erms, rtm, lzcnt, tsc, tscinvbit, bmi1, bmi2

Memory: 4k page, physical 8292720k(1374736k free), swap 8290860k(183880k free)

vm_info: OpenJDK 64-Bit Server VM (25.112-b06) for windows-amd64 JRE (1.8.0_112-release-b06), built on Dec  8 2016 00:54:26 by "builder" with MS VC++ 10.0 (VS2010)

time: Thu Jun 01 11:14:56 2017
elapsed time: 0 seconds (0d 0h 0m 0s)

