#
# There is insufficient memory for the Java Runtime Environment to continue.
# Native memory allocation (malloc) failed to allocate 32744 bytes for ChunkPool::allocate
# Possible reasons:
#   The system is out of physical RAM or swap space
#   In 32 bit mode, the process size limit was hit
# Possible solutions:
#   Reduce memory load on the system
#   Increase physical memory or swap space
#   Check if swap backing store is full
#   Use 64 bit Java on a 64 bit OS
#   Decrease Java heap size (-Xmx/-Xms)
#   Decrease number of Java threads
#   Decrease Java thread stack sizes (-Xss)
#   Set larger code cache with -XX:ReservedCodeCacheSize=
# This output file may be truncated or incomplete.
#
#  Out of Memory Error (allocation.cpp:273), pid=4892, tid=0x0000000000000704
#
# JRE version: OpenJDK Runtime Environment (8.0_112-b06) (build 1.8.0_112-release-b06)
# Java VM: OpenJDK 64-Bit Server VM (25.112-b06 mixed mode windows-amd64 compressed oops)
# Failed to write core dump. Minidumps are not enabled by default on client versions of Windows
#

---------------  T H R E A D  ---------------

Current thread (0x00000000063de800):  JavaThread "C1 CompilerThread2" daemon [_thread_in_native, id=1796, stack(0x0000000017bc0000,0x0000000017cc0000)]

Stack: [0x0000000017bc0000,0x0000000017cc0000]
[error occurred during error reporting (printing stack bounds), id 0xc0000005]

Native frames: (J=compiled Java code, j=interpreted, Vv=VM code, C=native code)


Current CompileTask:
C1:   4340 1456   !   2       com.android.dx.cf.code.BytecodeArray::parseInstruction (2764 bytes)


---------------  P R O C E S S  ---------------

Java Threads: ( => current thread )
  0x000000001791c800 JavaThread "pool-2-thread-4" [_thread_blocked, id=6828, stack(0x0000000018360000,0x0000000018460000)]
  0x00000000178ef000 JavaThread "pool-2-thread-3" [_thread_blocked, id=5932, stack(0x00000000181d0000,0x00000000182d0000)]
  0x00000000178f2800 JavaThread "pool-2-thread-2" [_thread_blocked, id=6904, stack(0x00000000180b0000,0x00000000181b0000)]
  0x00000000178a4000 JavaThread "pool-3-thread-1" [_thread_blocked, id=5772, stack(0x0000000017270000,0x0000000017370000)]
  0x00000000177f7800 JavaThread "pool-2-thread-1" [_thread_blocked, id=2616, stack(0x0000000017f30000,0x0000000018030000)]
  0x00000000176b0000 JavaThread "Service Thread" daemon [_thread_blocked, id=3192, stack(0x0000000017d30000,0x0000000017e30000)]
=>0x00000000063de800 JavaThread "C1 CompilerThread2" daemon [_thread_in_native, id=1796, stack(0x0000000017bc0000,0x0000000017cc0000)]
  0x00000000063dc800 JavaThread "C2 CompilerThread1" daemon [_thread_in_native, id=4704, stack(0x0000000017550000,0x0000000017650000)]
  0x00000000063d4800 JavaThread "C2 CompilerThread0" daemon [_thread_in_native, id=676, stack(0x00000000173a0000,0x00000000174a0000)]
  0x00000000063d3000 JavaThread "Attach Listener" daemon [_thread_blocked, id=2844, stack(0x0000000016fe0000,0x00000000170e0000)]
  0x00000000063cf800 JavaThread "Signal Dispatcher" daemon [_thread_blocked, id=6476, stack(0x0000000017170000,0x0000000017270000)]
  0x00000000063b7000 JavaThread "Finalizer" daemon [_thread_blocked, id=4072, stack(0x0000000016eb0000,0x0000000016fb0000)]
  0x0000000006370000 JavaThread "Reference Handler" daemon [_thread_blocked, id=6952, stack(0x00000000072e0000,0x00000000073e0000)]
  0x00000000022be000 JavaThread "main" [_thread_in_native, id=6316, stack(0x00000000025d0000,0x00000000026d0000)]

Other Threads:
  0x0000000006368800 VMThread [stack: 0x0000000016d30000,0x0000000016e30000] [id=2888]
  0x00000000176b4000 WatcherThread [stack: 0x0000000017a80000,0x0000000017b80000] [id=4512]

VM state:not at safepoint (normal execution)

VM Mutex/Monitor currently owned by a thread: None

Heap:
 PSYoungGen      total 38400K, used 16836K [0x00000000eab00000, 0x00000000ef600000, 0x0000000100000000)
  eden space 33280K, 35% used [0x00000000eab00000,0x00000000eb677da8,0x00000000ecb80000)
  from space 5120K, 99% used [0x00000000ecb80000,0x00000000ed0793f8,0x00000000ed080000)
  to   space 5120K, 0% used [0x00000000ef100000,0x00000000ef100000,0x00000000ef600000)
 ParOldGen       total 87552K, used 852K [0x00000000c0000000, 0x00000000c5580000, 0x00000000eab00000)
  object space 87552K, 0% used [0x00000000c0000000,0x00000000c00d5248,0x00000000c5580000)
 Metaspace       used 6080K, capacity 7024K, committed 7296K, reserved 1056768K
  class space    used 576K, capacity 616K, committed 640K, reserved 1048576K

Card table byte_map: [0x0000000002d60000,0x0000000002f70000] byte_map_base: 0x0000000002760000

Marking Bits: (ParMarkBitMap*) 0x0000000007c018f0
 Begin Bits: [0x00000000037e0000, 0x00000000047e0000)
 End Bits:   [0x00000000047e0000, 0x00000000057e0000)

Polling page: 0x0000000000140000

CodeCache: size=245760Kb used=5999Kb max_used=6007Kb free=239760Kb
 bounds [0x0000000007c80000, 0x0000000008270000, 0x0000000016c80000]
 total_blobs=1705 nmethods=1437 adapters=182
 compilation: enabled

Compilation events (10 events):
Event: 4.323 Thread 0x00000000063d4800 1447   !   4       com.android.dx.cf.code.RopperMachine::run (1550 bytes)
Event: 4.328 Thread 0x00000000063de800 1450       3       com.android.dx.ssa.NormalSsaInsn::isMoveException (20 bytes)
Event: 4.328 Thread 0x00000000063de800 nmethod 1450 0x00000000082518d0 code [0x0000000008251a40, 0x0000000008251d30]
Event: 4.329 Thread 0x00000000063de800 1452       3       com.android.dx.rop.cst.CstFloat::getType (4 bytes)
Event: 4.329 Thread 0x00000000063de800 nmethod 1452 0x0000000008265190 code [0x00000000082652e0, 0x0000000008265430]
Event: 4.330 Thread 0x00000000063de800 1454       3       java.util.TreeMap$EntryIterator::next (5 bytes)
Event: 4.330 Thread 0x00000000063de800 nmethod 1454 0x0000000008264c90 code [0x0000000008264e00, 0x00000000082650e8]
Event: 4.330 Thread 0x00000000063de800 1455       3       java.util.TreeMap$EntryIterator::next (5 bytes)
Event: 4.330 Thread 0x00000000063de800 nmethod 1455 0x0000000008264890 code [0x0000000008264a00, 0x0000000008264c08]
Event: 4.334 Thread 0x00000000063de800 1456   !   2       com.android.dx.cf.code.BytecodeArray::parseInstruction (2764 bytes)

GC Heap History (2 events):
Event: 2.998 GC heap before
{Heap before GC invocations=1 (full 0):
 PSYoungGen      total 38400K, used 33280K [0x00000000eab00000, 0x00000000ed580000, 0x0000000100000000)
  eden space 33280K, 100% used [0x00000000eab00000,0x00000000ecb80000,0x00000000ecb80000)
  from space 5120K, 0% used [0x00000000ed080000,0x00000000ed080000,0x00000000ed580000)
  to   space 5120K, 0% used [0x00000000ecb80000,0x00000000ecb80000,0x00000000ed080000)
 ParOldGen       total 87552K, used 0K [0x00000000c0000000, 0x00000000c5580000, 0x00000000eab00000)
  object space 87552K, 0% used [0x00000000c0000000,0x00000000c0000000,0x00000000c5580000)
 Metaspace       used 5924K, capacity 6896K, committed 7040K, reserved 1056768K
  class space    used 576K, capacity 616K, committed 640K, reserved 1048576K
Event: 3.049 GC heap after
Heap after GC invocations=1 (full 0):
 PSYoungGen      total 38400K, used 5092K [0x00000000eab00000, 0x00000000ef600000, 0x0000000100000000)
  eden space 33280K, 0% used [0x00000000eab00000,0x00000000eab00000,0x00000000ecb80000)
  from space 5120K, 99% used [0x00000000ecb80000,0x00000000ed0793f8,0x00000000ed080000)
  to   space 5120K, 0% used [0x00000000ef100000,0x00000000ef100000,0x00000000ef600000)
 ParOldGen       total 87552K, used 852K [0x00000000c0000000, 0x00000000c5580000, 0x00000000eab00000)
  object space 87552K, 0% used [0x00000000c0000000,0x00000000c00d5248,0x00000000c5580000)
 Metaspace       used 5924K, capacity 6896K, committed 7040K, reserved 1056768K
  class space    used 576K, capacity 616K, committed 640K, reserved 1048576K
}

Deoptimization events (10 events):
Event: 2.528 Thread 0x00000000178ef000 Uncommon trap: reason=unstable_if action=reinterpret pc=0x0000000007f511b0 method=com.android.dx.rop.code.RegisterSpec.equals(ILcom/android/dx/rop/type/TypeBearer;Lcom/android/dx/rop/code/LocalItem;)Z @ 16
Event: 2.888 Thread 0x00000000178f2800 Uncommon trap: reason=unstable_if action=reinterpret pc=0x0000000007f6a520 method=com.android.dx.rop.code.RegisterSpec.equals(ILcom/android/dx/rop/type/TypeBearer;Lcom/android/dx/rop/code/LocalItem;)Z @ 16
Event: 2.919 Thread 0x00000000178f2800 Uncommon trap: reason=null_check action=make_not_entrant pc=0x0000000007f8cf58 method=com.android.dx.rop.type.Type.equals(Ljava/lang/Object;)Z @ 8
Event: 3.219 Thread 0x000000001791c800 Uncommon trap: reason=unstable_if action=reinterpret pc=0x0000000007f61dc4 method=com.android.dx.rop.code.RegisterSpec.equals(ILcom/android/dx/rop/type/TypeBearer;Lcom/android/dx/rop/code/LocalItem;)Z @ 16
Event: 4.329 Thread 0x00000000178ef000 Uncommon trap: reason=bimorphic action=maybe_recompile pc=0x00000000081d27ac method=com.android.dx.cf.code.BytecodeArray.parseInstruction(ILcom/android/dx/cf/code/BytecodeArray$Visitor;)I @ 1130
Event: 4.329 Thread 0x00000000178ef000 Uncommon trap: reason=bimorphic action=maybe_recompile pc=0x00000000081d27ac method=com.android.dx.cf.code.BytecodeArray.parseInstruction(ILcom/android/dx/cf/code/BytecodeArray$Visitor;)I @ 1130
Event: 4.329 Thread 0x00000000178ef000 Uncommon trap: reason=bimorphic action=maybe_recompile pc=0x00000000081d27ac method=com.android.dx.cf.code.BytecodeArray.parseInstruction(ILcom/android/dx/cf/code/BytecodeArray$Visitor;)I @ 1130
Event: 4.329 Thread 0x00000000178ef000 Uncommon trap: reason=bimorphic action=maybe_recompile pc=0x00000000081d27ac method=com.android.dx.cf.code.BytecodeArray.parseInstruction(ILcom/android/dx/cf/code/BytecodeArray$Visitor;)I @ 1130
Event: 4.330 Thread 0x00000000178ef000 Uncommon trap: reason=unstable_if action=reinterpret pc=0x0000000007f98604 method=com.android.dx.rop.cst.Constant.compareTo(Lcom/android/dx/rop/cst/Constant;)I @ 12
Event: 4.330 Thread 0x00000000178ef000 Uncommon trap: reason=bimorphic action=maybe_recompile pc=0x0000000008125974 method=java.util.HashMap.putVal(ILjava/lang/Object;Ljava/lang/Object;ZZ)Ljava/lang/Object; @ 91

Internal exceptions (3 events):
Event: 0.114 Thread 0x00000000022be000 Exception <a 'java/lang/NoSuchMethodError': Method sun.misc.Unsafe.defineClass(Ljava/lang/String;[BII)Ljava/lang/Class; name or signature does not match> (0x00000000eab07c78) thrown at [C:\src\android\AOSP-openjdk\external\jetbrains\jdk\hotspot\src\share\vúPÌ∑3Ω?
Event: 0.114 Thread 0x00000000022be000 Exception <a 'java/lang/NoSuchMethodError': Method sun.misc.Unsafe.prefetchRead(Ljava/lang/Object;J)V name or signature does not match> (0x00000000eab07f60) thrown at [C:\src\android\AOSP-openjdk\external\jetbrains\jdk\hotspot\src\share\vm\prims\jni.cpp, l∞V¨ùöZ@
Event: 2.919 Thread 0x00000000178f2800 Implicit null exception at 0x0000000007f8ce52 to 0x0000000007f8cf4a

Events (10 events):
Event: 4.329 Thread 0x00000000178ef000 DEOPT UNPACKING pc=0x0000000007cc556a sp=0x00000000182ce3b8 mode 2
Event: 4.329 Thread 0x00000000178ef000 Uncommon trap: trap_request=0xffffffc6 fr.pc=0x00000000081d27ac
Event: 4.329 Thread 0x00000000178ef000 DEOPT PACKING pc=0x00000000081d27ac sp=0x00000000182ce430
Event: 4.329 Thread 0x00000000178ef000 DEOPT UNPACKING pc=0x0000000007cc556a sp=0x00000000182ce3b8 mode 2
Event: 4.330 Thread 0x00000000178ef000 Uncommon trap: trap_request=0xffffff65 fr.pc=0x0000000007f98604
Event: 4.330 Thread 0x00000000178ef000 DEOPT PACKING pc=0x0000000007f98604 sp=0x00000000182ce2a0
Event: 4.330 Thread 0x00000000178ef000 DEOPT UNPACKING pc=0x0000000007cc556a sp=0x00000000182ce240 mode 2
Event: 4.330 Thread 0x00000000178ef000 Uncommon trap: trap_request=0xffffffc6 fr.pc=0x0000000008125974
Event: 4.330 Thread 0x00000000178ef000 DEOPT PACKING pc=0x0000000008125974 sp=0x00000000182ce730
Event: 4.330 Thread 0x00000000178ef000 DEOPT UNPACKING pc=0x0000000007cc556a sp=0x00000000182ce658 mode 2


Dynamic libraries:
0x000000013f6a0000 - 0x000000013f6d1000 	C:\Program Files\Android\Android Studio\jre\bin\java.exe
0x00000000774e0000 - 0x000000007768a000 	C:\Windows\SYSTEM32\ntdll.dll
0x00000000773c0000 - 0x00000000774df000 	C:\Windows\system32\kernel32.dll
0x000007fefd220000 - 0x000007fefd28a000 	C:\Windows\system32\KERNELBASE.dll
0x000007feff0e0000 - 0x000007feff1bb000 	C:\Windows\system32\ADVAPI32.dll
0x000007fefee20000 - 0x000007fefeebf000 	C:\Windows\system32\msvcrt.dll
0x000007fefd770000 - 0x000007fefd78f000 	C:\Windows\SYSTEM32\sechost.dll
0x000007fefeec0000 - 0x000007fefefed000 	C:\Windows\system32\RPCRT4.dll
0x00000000772c0000 - 0x00000000773ba000 	C:\Windows\system32\USER32.dll
0x000007fefe7a0000 - 0x000007fefe807000 	C:\Windows\system32\GDI32.dll
0x000007fefe810000 - 0x000007fefe81e000 	C:\Windows\system32\LPK.dll
0x000007fefeff0000 - 0x000007feff0ba000 	C:\Windows\system32\USP10.dll
0x000007fefbdb0000 - 0x000007fefbfa4000 	C:\Windows\WinSxS\amd64_microsoft.windows.common-controls_6595b64144ccf1df_6.0.7601.18837_none_fa3b1e3d17594757\COMCTL32.dll
0x000007feff260000 - 0x000007feff2d1000 	C:\Windows\system32\SHLWAPI.dll
0x000007feff4f0000 - 0x000007feff51e000 	C:\Windows\system32\IMM32.DLL
0x000007fefd660000 - 0x000007fefd769000 	C:\Windows\system32\MSCTF.dll
0x00000000539c0000 - 0x0000000053a92000 	C:\Program Files\Android\Android Studio\jre\jre\bin\msvcr100.dll
0x0000000007440000 - 0x0000000007c7c000 	C:\Program Files\Android\Android Studio\jre\jre\bin\server\jvm.dll
0x000007fef8b60000 - 0x000007fef8b69000 	C:\Windows\system32\WSOCK32.dll
0x000007feff7a0000 - 0x000007feff7ed000 	C:\Windows\system32\WS2_32.dll
0x000007feff710000 - 0x000007feff718000 	C:\Windows\system32\NSI.dll
0x000007fefab70000 - 0x000007fefabab000 	C:\Windows\system32\WINMM.dll
0x000007fefc2a0000 - 0x000007fefc2ac000 	C:\Windows\system32\VERSION.dll
0x00000000776a0000 - 0x00000000776a7000 	C:\Windows\system32\PSAPI.DLL
0x000007fee7e00000 - 0x000007fee7e0f000 	C:\Program Files\Android\Android Studio\jre\jre\bin\verify.dll
0x000007fee7dd0000 - 0x000007fee7df9000 	C:\Program Files\Android\Android Studio\jre\jre\bin\java.dll
0x000007fee2250000 - 0x000007fee2266000 	C:\Program Files\Android\Android Studio\jre\jre\bin\zip.dll
0x000007fefd970000 - 0x000007fefe6fa000 	C:\Windows\system32\SHELL32.dll
0x000007feff2e0000 - 0x000007feff4e3000 	C:\Windows\system32\ole32.dll
0x000007fefd1d0000 - 0x000007fefd1df000 	C:\Windows\system32\profapi.dll

VM Arguments:
jvm_args: -Djava.awt.headless=true -Xmx1024M -Dfile.encoding=windows-1252 -Duser.country=US -Duser.language=en -Duser.variant 
java_command: com.android.dx.command.Main --dex --num-threads=4 --multi-dex --output C:\Users\mhasan\Desktop\androidProjects\Miwok\app\build\intermediates\transforms\dex\debug\folders\1000\10\classes_4ec09bbb89bde47ab3ec106d11a727e3a11f5efa C:\Users\mhasan\.android\build-cache\81a1667f7d3d017a63cd28800fcd74546b55576a\output\jars\classes.jar
java_class_path (initial): C:\Users\mhasan\AppData\Local\Android\sdk\build-tools\25.0.0\lib\dx.jar
Launcher Type: SUN_STANDARD

Environment Variables:
PATH=C:\ProgramData\Oracle\Java\javapath;C:\Windows\system32;C:\Windows;C:\Windows\System32\Wbem;C:\Windows\System32\WindowsPowerShell\v1.0\;C:\Program Files\Git\cmd;C:\Program Files (x86)\Skype\Phone\;C:\Program Files\nodejs\;C:\Program Files (x86)\Google\google_appengine\;C:\program Files\Theme Kit;C:\Users\mhasan\AppData\Roaming\npm;C:\Users\mhasan\AppData\Local\atom\bin
USERNAME=mhasan
OS=Windows_NT
PROCESSOR_IDENTIFIER=Intel64 Family 6 Model 60 Stepping 3, GenuineIntel



---------------  S Y S T E M  ---------------

OS: Windows 7 , 64 bit Build 7601 (6.1.7601.23677)

CPU:total 4 (4 cores per cpu, 1 threads per core) family 6 model 60 stepping 3, cmov, cx8, fxsr, mmx, sse, sse2, sse3, ssse3, sse4.1, sse4.2, popcnt, avx, avx2, aes, clmul, erms, rtm, lzcnt, tsc, tscinvbit, bmi1, bmi2

Memory: 4k page, physical 8292720k(1130820k free), swap 8290860k(7620k free)

vm_info: OpenJDK 64-Bit Server VM (25.112-b06) for windows-amd64 JRE (1.8.0_112-release-b06), built on Dec  8 2016 00:54:26 by "builder" with MS VC++ 10.0 (VS2010)

time: Thu Jun 01 11:19:24 2017
elapsed time: 4 seconds (0d 0h 0m 4s)

