#
# There is insufficient memory for the Java Runtime Environment to continue.
# Native memory allocation (malloc) failed to allocate 433216 bytes for Chunk::new
# Possible reasons:
#   The system is out of physical RAM or swap space
#   In 32 bit mode, the process size limit was hit
# Possible solutions:
#   Reduce memory load on the system
#   Increase physical memory or swap space
#   Check if swap backing store is full
#   Use 64 bit Java on a 64 bit OS
#   Decrease Java heap size (-Xmx/-Xms)
#   Decrease number of Java threads
#   Decrease Java thread stack sizes (-Xss)
#   Set larger code cache with -XX:ReservedCodeCacheSize=
# This output file may be truncated or incomplete.
#
#  Out of Memory Error (allocation.cpp:390), pid=6448, tid=0x0000000000001920
#
# JRE version: OpenJDK Runtime Environment (8.0_112-b06) (build 1.8.0_112-release-b06)
# Java VM: OpenJDK 64-Bit Server VM (25.112-b06 mixed mode windows-amd64 compressed oops)
# Failed to write core dump. Minidumps are not enabled by default on client versions of Windows
#

---------------  T H R E A D  ---------------

Current thread (0x000000000608e800):  JavaThread "C2 CompilerThread0" daemon [_thread_in_native, id=6432, stack(0x0000000016e90000,0x0000000016f90000)]

Stack: [0x0000000016e90000,0x0000000016f90000]
[error occurred during error reporting (printing stack bounds), id 0xc0000005]

Native frames: (J=compiled Java code, j=interpreted, Vv=VM code, C=native code)


Current CompileTask:
C2:   4272 1604       4       com.android.dx.ssa.SCCP::simulateBranch (666 bytes)


---------------  P R O C E S S  ---------------

Java Threads: ( => current thread )
  0x0000000017853800 JavaThread "pool-2-thread-4" [_thread_blocked, id=6712, stack(0x0000000017ec0000,0x0000000017fc0000)]
  0x0000000017842800 JavaThread "pool-2-thread-3" [_thread_blocked, id=4636, stack(0x0000000018020000,0x0000000018120000)]
  0x00000000177ae800 JavaThread "pool-2-thread-2" [_thread_blocked, id=5936, stack(0x0000000017db0000,0x0000000017eb0000)]
  0x00000000177ab000 JavaThread "pool-3-thread-1" [_thread_blocked, id=2688, stack(0x0000000017b90000,0x0000000017c90000)]
  0x00000000177a8800 JavaThread "pool-2-thread-1" [_thread_blocked, id=1584, stack(0x0000000017290000,0x0000000017390000)]
  0x00000000175a0000 JavaThread "Service Thread" daemon [_thread_blocked, id=5664, stack(0x0000000017a30000,0x0000000017b30000)]
  0x0000000006094800 JavaThread "C1 CompilerThread2" daemon [_thread_blocked, id=6840, stack(0x0000000017430000,0x0000000017530000)]
  0x0000000006092800 JavaThread "C2 CompilerThread1" daemon [_thread_in_native, id=396, stack(0x0000000007340000,0x0000000007440000)]
=>0x000000000608e800 JavaThread "C2 CompilerThread0" daemon [_thread_in_native, id=6432, stack(0x0000000016e90000,0x0000000016f90000)]
  0x000000000609f000 JavaThread "Attach Listener" daemon [_thread_blocked, id=2832, stack(0x0000000017180000,0x0000000017280000)]
  0x000000000609b800 JavaThread "Signal Dispatcher" daemon [_thread_blocked, id=4820, stack(0x0000000016fd0000,0x00000000170d0000)]
  0x0000000006077000 JavaThread "Finalizer" daemon [_thread_blocked, id=6908, stack(0x0000000016d80000,0x0000000016e80000)]
  0x0000000006030000 JavaThread "Reference Handler" daemon [_thread_blocked, id=6264, stack(0x0000000007240000,0x0000000007340000)]
  0x00000000021fe000 JavaThread "main" [_thread_blocked, id=4124, stack(0x0000000002490000,0x0000000002590000)]

Other Threads:
  0x0000000006028800 VMThread [stack: 0x0000000007000000,0x0000000007100000] [id=3520]
  0x00000000175a3800 WatcherThread [stack: 0x0000000017930000,0x0000000017a30000] [id=2884]

VM state:not at safepoint (normal execution)

VM Mutex/Monitor currently owned by a thread: None

Heap:
 PSYoungGen      total 38400K, used 12210K [0x00000000eab00000, 0x00000000ed580000, 0x0000000100000000)
  eden space 33280K, 21% used [0x00000000eab00000,0x00000000eb1ef9a0,0x00000000ecb80000)
  from space 5120K, 99% used [0x00000000ed080000,0x00000000ed57ce68,0x00000000ed580000)
  to   space 5120K, 0% used [0x00000000ecb80000,0x00000000ecb80000,0x00000000ed080000)
 ParOldGen       total 87552K, used 4905K [0x00000000c0000000, 0x00000000c5580000, 0x00000000eab00000)
  object space 87552K, 5% used [0x00000000c0000000,0x00000000c04ca6d8,0x00000000c5580000)
 Metaspace       used 6151K, capacity 7088K, committed 7296K, reserved 1056768K
  class space    used 578K, capacity 616K, committed 640K, reserved 1048576K

Card table byte_map: [0x0000000002c20000,0x0000000002e30000] byte_map_base: 0x0000000002620000

Marking Bits: (ParMarkBitMap*) 0x0000000007c018f0
 Begin Bits: [0x00000000034a0000, 0x00000000044a0000)
 End Bits:   [0x00000000044a0000, 0x00000000054a0000)

Polling page: 0x0000000000330000

CodeCache: size=245760Kb used=7132Kb max_used=7132Kb free=238627Kb
 bounds [0x0000000007c80000, 0x0000000008380000, 0x0000000016c80000]
 total_blobs=1889 nmethods=1620 adapters=182
 compilation: enabled

Compilation events (10 events):
Event: 4.251 Thread 0x0000000006094800 1625       3       com.android.dx.dex.file.ValueEncoder::addContents (75 bytes)
Event: 4.251 Thread 0x0000000006094800 nmethod 1625 0x000000000834c010 code [0x000000000834c200, 0x000000000834cde8]
Event: 4.257 Thread 0x0000000006094800 1626       1       java.util.HashMap$Node::getKey (5 bytes)
Event: 4.257 Thread 0x0000000006094800 nmethod 1626 0x000000000833bc90 code [0x000000000833bde0, 0x000000000833bef0]
Event: 4.257 Thread 0x0000000006094800 1627       3       com.android.dx.rop.code.ThrowingInsn::accept (8 bytes)
Event: 4.258 Thread 0x0000000006094800 nmethod 1627 0x000000000833b810 code [0x000000000833b980, 0x000000000833bba8]
Event: 4.258 Thread 0x0000000006094800 1628       3       com.android.dx.cf.code.OneLocalsArray::makeInitialized (55 bytes)
Event: 4.258 Thread 0x0000000006094800 nmethod 1628 0x000000000834b490 code [0x000000000834b640, 0x000000000834bcd8]
Event: 4.260 Thread 0x0000000006094800 1629       3       com.android.dx.ssa.PhiTypeResolver::equalsHandlesNulls (23 bytes)
Event: 4.261 Thread 0x0000000006094800 nmethod 1629 0x000000000834ad90 code [0x000000000834af20, 0x000000000834b368]

GC Heap History (4 events):
Event: 2.889 GC heap before
{Heap before GC invocations=1 (full 0):
 PSYoungGen      total 38400K, used 33280K [0x00000000eab00000, 0x00000000ed580000, 0x0000000100000000)
  eden space 33280K, 100% used [0x00000000eab00000,0x00000000ecb80000,0x00000000ecb80000)
  from space 5120K, 0% used [0x00000000ed080000,0x00000000ed080000,0x00000000ed580000)
  to   space 5120K, 0% used [0x00000000ecb80000,0x00000000ecb80000,0x00000000ed080000)
 ParOldGen       total 87552K, used 0K [0x00000000c0000000, 0x00000000c5580000, 0x00000000eab00000)
  object space 87552K, 0% used [0x00000000c0000000,0x00000000c0000000,0x00000000c5580000)
 Metaspace       used 5924K, capacity 6896K, committed 7040K, reserved 1056768K
  class space    used 577K, capacity 616K, committed 640K, reserved 1048576K
Event: 2.903 GC heap after
Heap after GC invocations=1 (full 0):
 PSYoungGen      total 38400K, used 5109K [0x00000000eab00000, 0x00000000ed580000, 0x0000000100000000)
  eden space 33280K, 0% used [0x00000000eab00000,0x00000000eab00000,0x00000000ecb80000)
  from space 5120K, 99% used [0x00000000ecb80000,0x00000000ed07d778,0x00000000ed080000)
  to   space 5120K, 0% used [0x00000000ed080000,0x00000000ed080000,0x00000000ed580000)
 ParOldGen       total 87552K, used 848K [0x00000000c0000000, 0x00000000c5580000, 0x00000000eab00000)
  object space 87552K, 0% used [0x00000000c0000000,0x00000000c00d4120,0x00000000c5580000)
 Metaspace       used 5924K, capacity 6896K, committed 7040K, reserved 1056768K
  class space    used 577K, capacity 616K, committed 640K, reserved 1048576K
}
Event: 4.031 GC heap before
{Heap before GC invocations=2 (full 0):
 PSYoungGen      total 38400K, used 38389K [0x00000000eab00000, 0x00000000ed580000, 0x0000000100000000)
  eden space 33280K, 100% used [0x00000000eab00000,0x00000000ecb80000,0x00000000ecb80000)
  from space 5120K, 99% used [0x00000000ecb80000,0x00000000ed07d778,0x00000000ed080000)
  to   space 5120K, 0% used [0x00000000ed080000,0x00000000ed080000,0x00000000ed580000)
 ParOldGen       total 87552K, used 848K [0x00000000c0000000, 0x00000000c5580000, 0x00000000eab00000)
  object space 87552K, 0% used [0x00000000c0000000,0x00000000c00d4120,0x00000000c5580000)
 Metaspace       used 6144K, capacity 7088K, committed 7296K, reserved 1056768K
  class space    used 578K, capacity 616K, committed 640K, reserved 1048576K
Event: 4.228 GC heap after
Heap after GC invocations=2 (full 0):
 PSYoungGen      total 38400K, used 5107K [0x00000000eab00000, 0x00000000ed580000, 0x0000000100000000)
  eden space 33280K, 0% used [0x00000000eab00000,0x00000000eab00000,0x00000000ecb80000)
  from space 5120K, 99% used [0x00000000ed080000,0x00000000ed57ce68,0x00000000ed580000)
  to   space 5120K, 0% used [0x00000000ecb80000,0x00000000ecb80000,0x00000000ed080000)
 ParOldGen       total 87552K, used 4905K [0x00000000c0000000, 0x00000000c5580000, 0x00000000eab00000)
  object space 87552K, 5% used [0x00000000c0000000,0x00000000c04ca6d8,0x00000000c5580000)
 Metaspace       used 6144K, capacity 7088K, committed 7296K, reserved 1056768K
  class space    used 578K, capacity 616K, committed 640K, reserved 1048576K
}

Deoptimization events (10 events):
Event: 3.089 Thread 0x0000000017853800 Uncommon trap: reason=bimorphic action=maybe_recompile pc=0x00000000081e4084 method=com.android.dx.cf.code.BytecodeArray.parseInstruction(ILcom/android/dx/cf/code/BytecodeArray$Visitor;)I @ 2484
Event: 3.140 Thread 0x0000000017853800 Uncommon trap: reason=unstable_if action=reinterpret pc=0x0000000008178e34 method=com.android.dx.ssa.SCCP.simulateBranch(Lcom/android/dx/ssa/SsaInsn;)V @ 107
Event: 3.359 Thread 0x00000000177a8800 Uncommon trap: reason=unstable_if action=reinterpret pc=0x0000000008030a04 method=com.android.dx.rop.cst.Constant.compareTo(Lcom/android/dx/rop/cst/Constant;)I @ 12
Event: 3.372 Thread 0x00000000177a8800 Uncommon trap: reason=unstable_if action=reinterpret pc=0x0000000008227264 method=com.android.dx.rop.code.RegisterSpecSet.localItemToSpec(Lcom/android/dx/rop/code/LocalItem;)Lcom/android/dx/rop/code/RegisterSpec; @ 35
Event: 3.704 Thread 0x00000000177a8800 Uncommon trap: reason=bimorphic action=maybe_recompile pc=0x0000000008306888 method=com.android.dx.rop.code.Rops.opMoveResultPseudo(Lcom/android/dx/rop/type/TypeBearer;)Lcom/android/dx/rop/code/Rop; @ 7
Event: 3.706 Thread 0x00000000177a8800 Uncommon trap: reason=bimorphic action=maybe_recompile pc=0x0000000008306888 method=com.android.dx.rop.code.Rops.opMoveResultPseudo(Lcom/android/dx/rop/type/TypeBearer;)Lcom/android/dx/rop/code/Rop; @ 7
Event: 3.706 Thread 0x00000000177a8800 Uncommon trap: reason=bimorphic action=maybe_recompile pc=0x0000000008306888 method=com.android.dx.rop.code.Rops.opMoveResultPseudo(Lcom/android/dx/rop/type/TypeBearer;)Lcom/android/dx/rop/code/Rop; @ 7
Event: 3.808 Thread 0x00000000177a8800 Uncommon trap: reason=bimorphic action=maybe_recompile pc=0x0000000008306888 method=com.android.dx.rop.code.Rops.opMoveResultPseudo(Lcom/android/dx/rop/type/TypeBearer;)Lcom/android/dx/rop/code/Rop; @ 7
Event: 4.232 Thread 0x00000000177a8800 Uncommon trap: reason=uninitialized action=reinterpret pc=0x00000000081e4c00 method=com.android.dx.cf.code.BytecodeArray.parseInstruction(ILcom/android/dx/cf/code/BytecodeArray$Visitor;)I @ 999
Event: 4.246 Thread 0x00000000177a8800 Uncommon trap: reason=bimorphic action=maybe_recompile pc=0x00000000081f37a4 method=java.util.HashMap.putVal(ILjava/lang/Object;Ljava/lang/Object;ZZ)Ljava/lang/Object; @ 203

Internal exceptions (2 events):
Event: 0.115 Thread 0x00000000021fe000 Exception <a 'java/lang/NoSuchMethodError': Method sun.misc.Unsafe.defineClass(Ljava/lang/String;[BII)Ljava/lang/Class; name or signature does not match> (0x00000000eab07c78) thrown at [C:\src\android\AOSP-openjdk\external\jetbrains\jdk\hotspot\src\share\vZ­ùZ|½?
Event: 0.115 Thread 0x00000000021fe000 Exception <a 'java/lang/NoSuchMethodError': Method sun.misc.Unsafe.prefetchRead(Ljava/lang/Object;J)V name or signature does not match> (0x00000000eab07f60) thrown at [C:\src\android\AOSP-openjdk\external\jetbrains\jdk\hotspot\src\share\vm\prims\jni.cpp, l

Events (10 events):
Event: 3.808 Thread 0x00000000177a8800 DEOPT PACKING pc=0x0000000008306888 sp=0x000000001738e180
Event: 3.808 Thread 0x00000000177a8800 DEOPT UNPACKING pc=0x0000000007cc556a sp=0x000000001738e0b8 mode 2
Event: 4.031 Executing VM operation: ParallelGCFailedAllocation
Event: 4.228 Executing VM operation: ParallelGCFailedAllocation done
Event: 4.232 Thread 0x00000000177a8800 Uncommon trap: trap_request=0xffffffb5 fr.pc=0x00000000081e4c00
Event: 4.232 Thread 0x00000000177a8800 DEOPT PACKING pc=0x00000000081e4c00 sp=0x000000001738e4e0
Event: 4.232 Thread 0x00000000177a8800 DEOPT UNPACKING pc=0x0000000007cc556a sp=0x000000001738e460 mode 2
Event: 4.246 Thread 0x00000000177a8800 Uncommon trap: trap_request=0xffffffc6 fr.pc=0x00000000081f37a4
Event: 4.246 Thread 0x00000000177a8800 DEOPT PACKING pc=0x00000000081f37a4 sp=0x000000001738e220
Event: 4.246 Thread 0x00000000177a8800 DEOPT UNPACKING pc=0x0000000007cc556a sp=0x000000001738e1a8 mode 2


Dynamic libraries:
0x000000013f6a0000 - 0x000000013f6d1000 	C:\Program Files\Android\Android Studio\jre\bin\java.exe
0x00000000774e0000 - 0x000000007768a000 	C:\Windows\SYSTEM32\ntdll.dll
0x00000000773c0000 - 0x00000000774df000 	C:\Windows\system32\kernel32.dll
0x000007fefd220000 - 0x000007fefd28a000 	C:\Windows\system32\KERNELBASE.dll
0x000007feff0e0000 - 0x000007feff1bb000 	C:\Windows\system32\ADVAPI32.dll
0x000007fefee20000 - 0x000007fefeebf000 	C:\Windows\system32\msvcrt.dll
0x000007fefd770000 - 0x000007fefd78f000 	C:\Windows\SYSTEM32\sechost.dll
0x000007fefeec0000 - 0x000007fefefed000 	C:\Windows\system32\RPCRT4.dll
0x00000000772c0000 - 0x00000000773ba000 	C:\Windows\system32\USER32.dll
0x000007fefe7a0000 - 0x000007fefe807000 	C:\Windows\system32\GDI32.dll
0x000007fefe810000 - 0x000007fefe81e000 	C:\Windows\system32\LPK.dll
0x000007fefeff0000 - 0x000007feff0ba000 	C:\Windows\system32\USP10.dll
0x000007fefbdb0000 - 0x000007fefbfa4000 	C:\Windows\WinSxS\amd64_microsoft.windows.common-controls_6595b64144ccf1df_6.0.7601.18837_none_fa3b1e3d17594757\COMCTL32.dll
0x000007feff260000 - 0x000007feff2d1000 	C:\Windows\system32\SHLWAPI.dll
0x000007feff4f0000 - 0x000007feff51e000 	C:\Windows\system32\IMM32.DLL
0x000007fefd660000 - 0x000007fefd769000 	C:\Windows\system32\MSCTF.dll
0x00000000539c0000 - 0x0000000053a92000 	C:\Program Files\Android\Android Studio\jre\jre\bin\msvcr100.dll
0x0000000007440000 - 0x0000000007c7c000 	C:\Program Files\Android\Android Studio\jre\jre\bin\server\jvm.dll
0x000007fef8b60000 - 0x000007fef8b69000 	C:\Windows\system32\WSOCK32.dll
0x000007feff7a0000 - 0x000007feff7ed000 	C:\Windows\system32\WS2_32.dll
0x000007feff710000 - 0x000007feff718000 	C:\Windows\system32\NSI.dll
0x000007fefab70000 - 0x000007fefabab000 	C:\Windows\system32\WINMM.dll
0x000007fefc2a0000 - 0x000007fefc2ac000 	C:\Windows\system32\VERSION.dll
0x00000000776a0000 - 0x00000000776a7000 	C:\Windows\system32\PSAPI.DLL
0x000007fee7e00000 - 0x000007fee7e0f000 	C:\Program Files\Android\Android Studio\jre\jre\bin\verify.dll
0x000007fee7dd0000 - 0x000007fee7df9000 	C:\Program Files\Android\Android Studio\jre\jre\bin\java.dll
0x000007fee2250000 - 0x000007fee2266000 	C:\Program Files\Android\Android Studio\jre\jre\bin\zip.dll
0x000007fefd970000 - 0x000007fefe6fa000 	C:\Windows\system32\SHELL32.dll
0x000007feff2e0000 - 0x000007feff4e3000 	C:\Windows\system32\ole32.dll
0x000007fefd1d0000 - 0x000007fefd1df000 	C:\Windows\system32\profapi.dll

VM Arguments:
jvm_args: -Djava.awt.headless=true -Xmx1024M -Dfile.encoding=windows-1252 -Duser.country=US -Duser.language=en -Duser.variant 
java_command: com.android.dx.command.Main --dex --num-threads=4 --multi-dex --output C:\Users\mhasan\Desktop\androidProjects\Miwok\app\build\intermediates\transforms\dex\debug\folders\1000\10\classes_71ead20f4d23467c3486912aeb2a85d0ec5f24aa C:\Users\mhasan\.android\build-cache\2aec8fac351790e2ec33585d80ba27a81c5f751a\output\jars\classes.jar
java_class_path (initial): C:\Users\mhasan\AppData\Local\Android\sdk\build-tools\25.0.0\lib\dx.jar
Launcher Type: SUN_STANDARD

Environment Variables:
PATH=C:\ProgramData\Oracle\Java\javapath;C:\Windows\system32;C:\Windows;C:\Windows\System32\Wbem;C:\Windows\System32\WindowsPowerShell\v1.0\;C:\Program Files\Git\cmd;C:\Program Files (x86)\Skype\Phone\;C:\Program Files\nodejs\;C:\Program Files (x86)\Google\google_appengine\;C:\program Files\Theme Kit;C:\Users\mhasan\AppData\Roaming\npm;C:\Users\mhasan\AppData\Local\atom\bin
USERNAME=mhasan
OS=Windows_NT
PROCESSOR_IDENTIFIER=Intel64 Family 6 Model 60 Stepping 3, GenuineIntel



---------------  S Y S T E M  ---------------

OS: Windows 7 , 64 bit Build 7601 (6.1.7601.23677)

CPU:total 4 (4 cores per cpu, 1 threads per core) family 6 model 60 stepping 3, cmov, cx8, fxsr, mmx, sse, sse2, sse3, ssse3, sse4.1, sse4.2, popcnt, avx, avx2, aes, clmul, erms, rtm, lzcnt, tsc, tscinvbit, bmi1, bmi2

Memory: 4k page, physical 8292720k(1133516k free), swap 8290860k(9820k free)

vm_info: OpenJDK 64-Bit Server VM (25.112-b06) for windows-amd64 JRE (1.8.0_112-release-b06), built on Dec  8 2016 00:54:26 by "builder" with MS VC++ 10.0 (VS2010)

time: Thu Jun 01 11:19:24 2017
elapsed time: 4 seconds (0d 0h 0m 4s)

